<?xml version="1.0" encoding="UTF-8"?>
<testng-results ignored="0" total="2" passed="2" failed="0" skipped="0">
  <reporter-output>
    <line>
      <![CDATA[All Elements from Login page exist on the page]]>
    </line>
    <line>
      <![CDATA[Top Navigiation Items are displayed]]>
    </line>
    <line>
      <![CDATA[All elements on Account Summary Page are displayed]]>
    </line>
    <line>
      <![CDATA[Top Navigiation Items are displayed]]>
    </line>
    <line>
      <![CDATA[All elements on Account Summary Page are displayed]]>
    </line>
    <line>
      <![CDATA[Top Navigiation Items are displayed]]>
    </line>
    <line>
      <![CDATA[All Elements from Login page exist on the page]]>
    </line>
    <line>
      <![CDATA[Top Navigiation Items are displayed]]>
    </line>
    <line>
      <![CDATA[All elements on Account Summary Page are displayed]]>
    </line>
    <line>
      <![CDATA[Top Navigiation Items are displayed]]>
    </line>
  </reporter-output>
  <suite started-at="2022-01-30T23:59:25 EET" name="Default suite" finished-at="2022-01-30T23:59:49 EET" duration-ms="23935">
    <groups>
    </groups>
    <test started-at="2022-01-30T23:59:25 EET" name="Default test" finished-at="2022-01-30T23:59:49 EET" duration-ms="23935">
      <class name="testCases.LoginPageTests">
        <test-method is-config="true" signature="setUpClass()[pri:0, instance:testCases.LoginPageTests@487db668]" started-at="2022-01-30T23:59:25 EET" name="setUpClass" finished-at="2022-01-30T23:59:38 EET" duration-ms="12639" status="PASS">
          <reporter-output>
          </reporter-output>
        </test-method> <!-- setUpClass -->
        <test-method is-config="true" signature="testSetUp()[pri:0, instance:testCases.LoginPageTests@487db668]" started-at="2022-01-30T23:59:38 EET" name="testSetUp" finished-at="2022-01-30T23:59:38 EET" duration-ms="9" status="PASS">
          <reporter-output>
          </reporter-output>
        </test-method> <!-- testSetUp -->
        <test-method signature="validLoginAndTitleVerify()[pri:0, instance:testCases.LoginPageTests@487db668]" started-at="2022-01-30T23:59:38 EET" name="validLoginAndTitleVerify" finished-at="2022-01-30T23:59:46 EET" duration-ms="7705" status="PASS">
          <reporter-output>
            <line>
              <![CDATA[All Elements from Login page exist on the page]]>
            </line>
            <line>
              <![CDATA[Top Navigiation Items are displayed]]>
            </line>
            <line>
              <![CDATA[All elements on Account Summary Page are displayed]]>
            </line>
            <line>
              <![CDATA[Top Navigiation Items are displayed]]>
            </line>
            <line>
              <![CDATA[All elements on Account Summary Page are displayed]]>
            </line>
            <line>
              <![CDATA[Top Navigiation Items are displayed]]>
            </line>
          </reporter-output>
        </test-method> <!-- validLoginAndTitleVerify -->
        <test-method signature="globalSearch()[pri:1, instance:testCases.LoginPageTests@487db668]" started-at="2022-01-30T23:59:46 EET" name="globalSearch" finished-at="2022-01-30T23:59:48 EET" duration-ms="2546" status="PASS">
          <reporter-output>
            <line>
              <![CDATA[All Elements from Login page exist on the page]]>
            </line>
            <line>
              <![CDATA[Top Navigiation Items are displayed]]>
            </line>
            <line>
              <![CDATA[All elements on Account Summary Page are displayed]]>
            </line>
            <line>
              <![CDATA[Top Navigiation Items are displayed]]>
            </line>
          </reporter-output>
        </test-method> <!-- globalSearch -->
        <test-method is-config="true" signature="tearDown()[pri:0, instance:testCases.LoginPageTests@487db668]" started-at="2022-01-30T23:59:48 EET" name="tearDown" finished-at="2022-01-30T23:59:49 EET" duration-ms="981" status="PASS">
          <reporter-output>
          </reporter-output>
        </test-method> <!-- tearDown -->
        <test-method is-config="true" signature="tearDownSuite()[pri:0, instance:testCases.LoginPageTests@487db668]" started-at="2022-01-30T23:59:49 EET" name="tearDownSuite" finished-at="2022-01-30T23:59:49 EET" duration-ms="0" status="PASS">
          <reporter-output>
          </reporter-output>
        </test-method> <!-- tearDownSuite -->
      </class> <!-- testCases.LoginPageTests -->
    </test> <!-- Default test -->
  </suite> <!-- Default suite -->
</testng-results>
